        -:    0:Source:dominion.c
        -:    0:Graph:dominion.gcno
        -:    0:Data:dominion.gcda
        -:    0:Runs:8
        -:    0:Programs:8
        -:    1:#include "dominion.h"
        -:    2:#include "dominion_helpers.h"
        -:    3:#include "rngs.h"
        -:    4:#include <stdio.h>
        -:    5:#include <math.h>
        -:    6:#include <stdlib.h>
        -:    7:
        -:    8:
        -:    9:
function newsmithy called 126 returned 100% blocks executed 100%
      126:   10:int newsmithy(int currentPlayer , struct gameState *state, int handPos, int i)
        -:   11:{
      504:   12:	for (i = 0; i < 3; i++)
branch  0 taken 75%
branch  1 taken 25% (fallthrough)
        -:   13:	{
      378:   14:	  drawCard(currentPlayer, state);
call    0 returned 100%
        -:   15:	}
        -:   16:	
      126:   17:	if (state->handCount[i] > 5){
branch  0 taken 100% (fallthrough)
branch  1 taken 0%
      126:   18:		drawCard(currentPlayer, state);
call    0 returned 100%
        -:   19:	}
        -:   20:      //discard card from hand
      126:   21:      discardCard(handPos, currentPlayer, state, 0);
call    0 returned 100%
      126:   22:      return -1;
        -:   23:}
        -:   24:
function newAD called 90 returned 100% blocks executed 87%
       90:   25:int newAD(int drawntreasure, struct gameState *state, int currentPlayer, int cardDrawn, int temphand[], int z)
        -:   26:{
      450:   27:      while(drawntreasure<2){
branch  0 taken 75%
branch  1 taken 25% (fallthrough)
      270:   28:	if (state->deckCount[currentPlayer] <1){//if the deck is empty we need to shuffle discard and add to deck
branch  0 taken 0% (fallthrough)
branch  1 taken 100%
    #####:   29:	  shuffle(currentPlayer, state);
call    0 never executed
        -:   30:	}
      270:   31:	drawCard(currentPlayer, state);
call    0 returned 100%
      270:   32:	cardDrawn = state->hand[currentPlayer][state->handCount[currentPlayer]-1];//top card of hand is most recently drawn card.
      450:   33:	if (cardDrawn == copper || cardDrawn == silver)
branch  0 taken 33% (fallthrough)
branch  1 taken 67%
branch  2 taken 0% (fallthrough)
branch  3 taken 100%
      180:   34:	  drawntreasure++;
       90:   35:	else if(cardDrawn == gold)
branch  0 taken 0% (fallthrough)
branch  1 taken 100%
    #####:   36:		drawntreasure = drawntreasure + 2;
        -:   37:	else{
       90:   38:	  temphand[z]=cardDrawn;
       90:   39:	  state->handCount[currentPlayer]--; //this should just remove the top card (the most recently drawn one).
       90:   40:	  z++;
        -:   41:	}
        -:   42:      }
      270:   43:      while(z-1>=0){
branch  0 taken 50%
branch  1 taken 50% (fallthrough)
       90:   44:	state->discard[currentPlayer][state->discardCount[currentPlayer]++]=temphand[z-1]; // discard all cards in play that have been drawn
       90:   45:	z=z-1;
        -:   46:      }
       90:   47:      return 0;
        -:   48:}
        -:   49:
function newVillage called 90 returned 100% blocks executed 100%
       90:   50:int newVillage(int currentPlayer , struct gameState *state, int handPos){
        -:   51:      //+1 Card
       90:   52:      drawCard(currentPlayer, state);
call    0 returned 100%
        -:   53:			
        -:   54:      //+2 Actions
       90:   55:      state->numActions = state->numActions + 3;
        -:   56:			
        -:   57:      //discard played card from hand
       90:   58:      discardCard(handPos, currentPlayer, state, 0);
call    0 returned 100%
       90:   59:      return 0;
        -:   60:}
        -:   61:
function newGarden called 0 returned 0% blocks executed 0%
    #####:   62:int newGarden(){
    #####:   63:	return -1;
        -:   64:}
        -:   65:
function newSeahag called 0 returned 0% blocks executed 0%
    #####:   66:int newSeahag(int currentPlayer, struct gameState *state, int i){
    #####:   67:      for (i = 0; i < state->numPlayers; i++){
branch  0 never executed
branch  1 never executed
    #####:   68:	if (i != currentPlayer){
branch  0 never executed
branch  1 never executed
    #####:   69:	  state->discard[i][state->discardCount[i]] = state->deck[i][state->deckCount[i]--];			    
        -:   70:	  //state->deckCount[i]--;
    #####:   71:	  state->discardCount[i]++;
    #####:   72:	  state->deck[i][state->deckCount[i]--] = curse;//Top card now a curse
        -:   73:	}
        -:   74:      }
    #####:   75:      return 0;
        -:   76:}	  
        -:   77:	  
        -:   78:	  
        -:   79:
        -:   80:
        -:   81:
function compare called 24705 returned 100% blocks executed 83%
    24705:   82:int compare(const void* a, const void* b) {
    24705:   83:  if (*(int*)a > *(int*)b)
branch  0 taken 0% (fallthrough)
branch  1 taken 100%
    #####:   84:    return 1;
    24705:   85:  if (*(int*)a < *(int*)b)
branch  0 taken 27% (fallthrough)
branch  1 taken 73%
     6588:   86:    return -1;
    18117:   87:  return 0;
        -:   88:}
        -:   89:
function newGame called 0 returned 0% blocks executed 0%
    #####:   90:struct gameState* newGame() {
    #####:   91:  struct gameState* g = malloc(sizeof(struct gameState));
    #####:   92:  return g;
        -:   93:}
        -:   94:
function kingdomCards called 0 returned 0% blocks executed 0%
    #####:   95:int* kingdomCards(int k1, int k2, int k3, int k4, int k5, int k6, int k7,
        -:   96:		  int k8, int k9, int k10) {
    #####:   97:  int* k = malloc(10 * sizeof(int));
    #####:   98:  k[0] = k1;
    #####:   99:  k[1] = k2;
    #####:  100:  k[2] = k3;
    #####:  101:  k[3] = k4;
    #####:  102:  k[4] = k5;
    #####:  103:  k[5] = k6;
    #####:  104:  k[6] = k7;
    #####:  105:  k[7] = k8;
    #####:  106:  k[8] = k9;
    #####:  107:  k[9] = k10;
    #####:  108:  return k;
        -:  109:}
        -:  110:
function initializeGame called 549 returned 100% blocks executed 89%
      549:  111:int initializeGame(int numPlayers, int kingdomCards[10], int randomSeed,
        -:  112:		   struct gameState *state) {
        -:  113:
        -:  114:  int i;
        -:  115:  int j;
        -:  116:  int it;			
        -:  117:  //set up random number generator
      549:  118:  SelectStream(1);
call    0 returned 100%
      549:  119:  PutSeed((long)randomSeed);
call    0 returned 100%
        -:  120:  
        -:  121:  //check number of players
      549:  122:  if (numPlayers > MAX_PLAYERS || numPlayers < 2)
branch  0 taken 100% (fallthrough)
branch  1 taken 0%
branch  2 taken 0% (fallthrough)
branch  3 taken 100%
        -:  123:    {
    #####:  124:      return -1;
        -:  125:    }
        -:  126:
        -:  127:  //set number of players
      549:  128:  state->numPlayers = numPlayers;
        -:  129:
        -:  130:  //check selected kingdom cards are different
     6039:  131:  for (i = 0; i < 10; i++)
branch  0 taken 91%
branch  1 taken 9% (fallthrough)
        -:  132:    {
    60390:  133:      for (j = 0; j < 10; j++)
branch  0 taken 91%
branch  1 taken 9% (fallthrough)
        -:  134:        {
    54900:  135:	  if (j != i && kingdomCards[j] == kingdomCards[i])
branch  0 taken 90% (fallthrough)
branch  1 taken 10%
branch  2 taken 0% (fallthrough)
branch  3 taken 100%
        -:  136:	    {
    #####:  137:	      return -1;
        -:  138:	    }
        -:  139:        }
        -:  140:    }
        -:  141:
        -:  142:
        -:  143:  //initialize supply
        -:  144:  ///////////////////////////////
        -:  145:
        -:  146:  //set number of Curse cards
      549:  147:  if (numPlayers == 2)
branch  0 taken 0% (fallthrough)
branch  1 taken 100%
        -:  148:    {
    #####:  149:      state->supplyCount[curse] = 10;
        -:  150:    }
      549:  151:  else if (numPlayers == 3)
branch  0 taken 100% (fallthrough)
branch  1 taken 0%
        -:  152:    {
      549:  153:      state->supplyCount[curse] = 20;
        -:  154:    }
        -:  155:  else
        -:  156:    {
    #####:  157:      state->supplyCount[curse] = 30;
        -:  158:    }
        -:  159:
        -:  160:  //set number of Victory cards
      549:  161:  if (numPlayers == 2)
branch  0 taken 0% (fallthrough)
branch  1 taken 100%
        -:  162:    {
    #####:  163:      state->supplyCount[estate] = 8;
    #####:  164:      state->supplyCount[duchy] = 8;
    #####:  165:      state->supplyCount[province] = 8;
        -:  166:    }
        -:  167:  else
        -:  168:    {
      549:  169:      state->supplyCount[estate] = 12;
      549:  170:      state->supplyCount[duchy] = 12;
      549:  171:      state->supplyCount[province] = 12;
        -:  172:    }
        -:  173:
        -:  174:  //set number of Treasure cards
      549:  175:  state->supplyCount[copper] = 60 - (7 * numPlayers);
      549:  176:  state->supplyCount[silver] = 40;
      549:  177:  state->supplyCount[gold] = 30;
        -:  178:
        -:  179:  //set number of Kingdom cards
    11529:  180:  for (i = adventurer; i <= treasure_map; i++)       	//loop all cards
branch  0 taken 95%
branch  1 taken 5% (fallthrough)
        -:  181:    {
    90585:  182:      for (j = 0; j < 10; j++)           		//loop chosen cards
branch  0 taken 94%
branch  1 taken 6% (fallthrough)
        -:  183:	{
    85095:  184:	  if (kingdomCards[j] == i)
branch  0 taken 6% (fallthrough)
branch  1 taken 94%
        -:  185:	    {
        -:  186:	      //check if card is a 'Victory' Kingdom card
     6588:  187:	      if (kingdomCards[j] == great_hall || kingdomCards[j] == gardens)
branch  0 taken 90% (fallthrough)
branch  1 taken 10%
branch  2 taken 11% (fallthrough)
branch  3 taken 89%
        -:  188:		{
     1098:  189:		  if (numPlayers == 2){ 
branch  0 taken 0% (fallthrough)
branch  1 taken 100%
    #####:  190:		    state->supplyCount[i] = 8; 
        -:  191:		  }
     1098:  192:		  else{ state->supplyCount[i] = 12; }
        -:  193:		}
        -:  194:	      else
        -:  195:		{
     4392:  196:		  state->supplyCount[i] = 10;
        -:  197:		}
     5490:  198:	      break;
        -:  199:	    }
        -:  200:	  else    //card is not in the set choosen for the game
        -:  201:	    {
    79605:  202:	      state->supplyCount[i] = -1;
        -:  203:	    }
        -:  204:	}
        -:  205:
        -:  206:    }
        -:  207:
        -:  208:  ////////////////////////
        -:  209:  //supply intilization complete
        -:  210:
        -:  211:  //set player decks
     2196:  212:  for (i = 0; i < numPlayers; i++)
branch  0 taken 75%
branch  1 taken 25% (fallthrough)
        -:  213:    {
     1647:  214:      state->deckCount[i] = 0;
     6588:  215:      for (j = 0; j < 3; j++)
branch  0 taken 75%
branch  1 taken 25% (fallthrough)
        -:  216:	{
     4941:  217:	  state->deck[i][j] = estate;
     4941:  218:	  state->deckCount[i]++;
        -:  219:	}
    13176:  220:      for (j = 3; j < 10; j++)
branch  0 taken 88%
branch  1 taken 13% (fallthrough)
        -:  221:	{
    11529:  222:	  state->deck[i][j] = copper;
    11529:  223:	  state->deckCount[i]++;		
        -:  224:	}
        -:  225:    }
        -:  226:
        -:  227:  //shuffle player decks
     2196:  228:  for (i = 0; i < numPlayers; i++)
branch  0 taken 75%
branch  1 taken 25% (fallthrough)
        -:  229:    {
     1647:  230:      if ( shuffle(i, state) < 0 )
call    0 returned 100%
branch  1 taken 0% (fallthrough)
branch  2 taken 100%
        -:  231:	{
    #####:  232:	  return -1;
        -:  233:	}
        -:  234:    }
        -:  235:
        -:  236:  //draw player hands
     2196:  237:  for (i = 0; i < numPlayers; i++)
branch  0 taken 75%
branch  1 taken 25% (fallthrough)
        -:  238:    {  
        -:  239:      //initialize hand size to zero
     1647:  240:      state->handCount[i] = 0;
     1647:  241:      state->discardCount[i] = 0;
        -:  242:      //draw 5 cards
        -:  243:      // for (j = 0; j < 5; j++)
        -:  244:      //	{
        -:  245:      //	  drawCard(i, state);
        -:  246:      //	}
        -:  247:    }
        -:  248:  
        -:  249:  //set embargo tokens to 0 for all supply piles
    15372:  250:  for (i = 0; i <= treasure_map; i++)
branch  0 taken 96%
branch  1 taken 4% (fallthrough)
        -:  251:    {
    14823:  252:      state->embargoTokens[i] = 0;
        -:  253:    }
        -:  254:
        -:  255:  //initialize first player's turn
      549:  256:  state->outpostPlayed = 0;
      549:  257:  state->phase = 0;
      549:  258:  state->numActions = 1;
      549:  259:  state->numBuys = 1;
      549:  260:  state->playedCardCount = 0;
      549:  261:  state->whoseTurn = 0;
      549:  262:  state->handCount[state->whoseTurn] = 0;
        -:  263:  //int it; move to top
        -:  264:
        -:  265:  //Moved draw cards to here, only drawing at the start of a turn
     3294:  266:  for (it = 0; it < 5; it++){
branch  0 taken 83%
branch  1 taken 17% (fallthrough)
     2745:  267:    drawCard(state->whoseTurn, state);
call    0 returned 100%
        -:  268:  }
        -:  269:
      549:  270:  updateCoins(state->whoseTurn, state, 0);
call    0 returned 100%
        -:  271:
      549:  272:  return 0;
        -:  273:}
        -:  274:
function shuffle called 1647 returned 100% blocks executed 93%
     1647:  275:int shuffle(int player, struct gameState *state) {
        -:  276: 
        -:  277:
        -:  278:  int newDeck[MAX_DECK];
     1647:  279:  int newDeckPos = 0;
        -:  280:  int card;
        -:  281:  int i;
        -:  282:
     1647:  283:  if (state->deckCount[player] < 1)
branch  0 taken 0% (fallthrough)
branch  1 taken 100%
    #####:  284:    return -1;
     1647:  285:  qsort ((void*)(state->deck[player]), state->deckCount[player], sizeof(int), compare); 
call    0 returned 100%
        -:  286:  /* SORT CARDS IN DECK TO ENSURE DETERMINISM! */
        -:  287:
    19764:  288:  while (state->deckCount[player] > 0) {
branch  0 taken 91%
branch  1 taken 9% (fallthrough)
    16470:  289:    card = floor(Random() * state->deckCount[player]);
call    0 returned 100%
    16470:  290:    newDeck[newDeckPos] = state->deck[player][card];
    16470:  291:    newDeckPos++;
    57645:  292:    for (i = card; i < state->deckCount[player]-1; i++) {
branch  0 taken 71%
branch  1 taken 29% (fallthrough)
    41175:  293:      state->deck[player][i] = state->deck[player][i+1];
        -:  294:    }
    16470:  295:    state->deckCount[player]--;
        -:  296:  }
    18117:  297:  for (i = 0; i < newDeckPos; i++) {
branch  0 taken 91%
branch  1 taken 9% (fallthrough)
    16470:  298:    state->deck[player][i] = newDeck[i];
    16470:  299:    state->deckCount[player]++;
        -:  300:  }
        -:  301:
     1647:  302:  return 0;
        -:  303:}
        -:  304:
function playCard called 0 returned 0% blocks executed 0%
    #####:  305:int playCard(int handPos, int choice1, int choice2, int choice3, struct gameState *state) 
        -:  306:{	
        -:  307:  int card;
    #####:  308:  int coin_bonus = 0; 		//tracks coins gain from actions
        -:  309:
        -:  310:  //check if it is the right phase
    #####:  311:  if (state->phase != 0)
branch  0 never executed
branch  1 never executed
        -:  312:    {
    #####:  313:      return -1;
        -:  314:    }
        -:  315:	
        -:  316:  //check if player has enough actions
    #####:  317:  if ( state->numActions < 1 )
branch  0 never executed
branch  1 never executed
        -:  318:    {
    #####:  319:      return -1;
        -:  320:    }
        -:  321:	
        -:  322:  //get card played
    #####:  323:  card = handCard(handPos, state);
call    0 never executed
        -:  324:	
        -:  325:  //check if selected card is an action
    #####:  326:  if ( card < adventurer || card > treasure_map )
branch  0 never executed
branch  1 never executed
branch  2 never executed
branch  3 never executed
        -:  327:    {
    #####:  328:      return -1;
        -:  329:    }
        -:  330:	
        -:  331:  //play card
    #####:  332:  if ( cardEffect(card, choice1, choice2, choice3, state, handPos, &coin_bonus) < 0 )
call    0 never executed
branch  1 never executed
branch  2 never executed
        -:  333:    {
    #####:  334:      return -1;
        -:  335:    }
        -:  336:	
        -:  337:  //reduce number of actions
    #####:  338:  state->numActions--;
        -:  339:
        -:  340:  //update coins (Treasure cards may be added with card draws)
    #####:  341:  updateCoins(state->whoseTurn, state, coin_bonus);
call    0 never executed
        -:  342:	
    #####:  343:  return 0;
        -:  344:}
        -:  345:
function buyCard called 0 returned 0% blocks executed 0%
    #####:  346:int buyCard(int supplyPos, struct gameState *state) {
        -:  347:  int who;
    #####:  348:  if (DEBUG){
        -:  349:    printf("Entering buyCard...\n");
        -:  350:  }
        -:  351:
        -:  352:  // I don't know what to do about the phase thing.
        -:  353:
    #####:  354:  who = state->whoseTurn;
        -:  355:
    #####:  356:  if (state->numBuys < 1){
branch  0 never executed
branch  1 never executed
    #####:  357:    if (DEBUG)
        -:  358:      printf("You do not have any buys left\n");
    #####:  359:    return -1;
    #####:  360:  } else if (supplyCount(supplyPos, state) <1){
call    0 never executed
branch  1 never executed
branch  2 never executed
    #####:  361:    if (DEBUG)
        -:  362:      printf("There are not any of that type of card left\n");
    #####:  363:    return -1;
    #####:  364:  } else if (state->coins < getCost(supplyPos)){
call    0 never executed
branch  1 never executed
branch  2 never executed
    #####:  365:    if (DEBUG) 
        -:  366:      printf("You do not have enough money to buy that. You have %d coins.\n", state->coins);
    #####:  367:    return -1;
        -:  368:  } else {
    #####:  369:    state->phase=1;
        -:  370:    //state->supplyCount[supplyPos]--;
    #####:  371:    gainCard(supplyPos, state, 0, who); //card goes in discard, this might be wrong.. (2 means goes into hand, 0 goes into discard)
call    0 never executed
        -:  372:  
    #####:  373:    state->coins = (state->coins) - (getCost(supplyPos));
call    0 never executed
    #####:  374:    state->numBuys--;
    #####:  375:    if (DEBUG)
        -:  376:      printf("You bought card number %d for %d coins. You now have %d buys and %d coins.\n", supplyPos, getCost(supplyPos), state->numBuys, state->coins);
        -:  377:  }
        -:  378:
        -:  379:  //state->discard[who][state->discardCount[who]] = supplyPos;
        -:  380:  //state->discardCount[who]++;
        -:  381:    
    #####:  382:  return 0;
        -:  383:}
        -:  384:
function numHandCards called 0 returned 0% blocks executed 0%
    #####:  385:int numHandCards(struct gameState *state) {
    #####:  386:  return state->handCount[ whoseTurn(state) ];
call    0 never executed
        -:  387:}
        -:  388:
function handCard called 0 returned 0% blocks executed 0%
    #####:  389:int handCard(int handPos, struct gameState *state) {
    #####:  390:  int currentPlayer = whoseTurn(state);
call    0 never executed
    #####:  391:  return state->hand[currentPlayer][handPos];
        -:  392:}
        -:  393:
function supplyCount called 90 returned 100% blocks executed 100%
       90:  394:int supplyCount(int card, struct gameState *state) {
       90:  395:  return state->supplyCount[card];
        -:  396:}
        -:  397:
function fullDeckCount called 75 returned 100% blocks executed 100%
       75:  398:int fullDeckCount(int player, int card, struct gameState *state) {
        -:  399:  int i;
       75:  400:  int count = 0;
        -:  401:
      450:  402:  for (i = 0; i < state->deckCount[player]; i++)
branch  0 taken 83%
branch  1 taken 17% (fallthrough)
        -:  403:    {
      375:  404:      if (state->deck[player][i] == card) count++;
branch  0 taken 48% (fallthrough)
branch  1 taken 52%
        -:  405:    }
        -:  406:
      450:  407:  for (i = 0; i < state->handCount[player]; i++)
branch  0 taken 83%
branch  1 taken 17% (fallthrough)
        -:  408:    {
      375:  409:      if (state->hand[player][i] == card) count++;
branch  0 taken 36% (fallthrough)
branch  1 taken 64%
        -:  410:    }
        -:  411:
      450:  412:  for (i = 0; i < state->discardCount[player]; i++)
branch  0 taken 83%
branch  1 taken 17% (fallthrough)
        -:  413:    {
      375:  414:      if (state->discard[player][i] == card) count++;
branch  0 taken 36% (fallthrough)
branch  1 taken 64%
        -:  415:    }
        -:  416:
       75:  417:  return count;
        -:  418:}
        -:  419:
function whoseTurn called 396 returned 100% blocks executed 100%
      396:  420:int whoseTurn(struct gameState *state) {
      396:  421:  return state->whoseTurn;
        -:  422:}
        -:  423:
function endTurn called 0 returned 0% blocks executed 0%
    #####:  424:int endTurn(struct gameState *state) {
        -:  425:  int k;
        -:  426:  int i;
    #####:  427:  int currentPlayer = whoseTurn(state);
call    0 never executed
        -:  428:  
        -:  429:  //Discard hand
    #####:  430:  for (i = 0; i < state->handCount[currentPlayer]; i++){
branch  0 never executed
branch  1 never executed
    #####:  431:    state->discard[currentPlayer][state->discardCount[currentPlayer]++] = state->hand[currentPlayer][i];//Discard
    #####:  432:    state->hand[currentPlayer][i] = -1;//Set card to -1
        -:  433:  }
    #####:  434:  state->handCount[currentPlayer] = 0;//Reset hand count
        -:  435:    
        -:  436:  //Code for determining the player
    #####:  437:  if (currentPlayer < (state->numPlayers - 1)){ 
branch  0 never executed
branch  1 never executed
    #####:  438:    state->whoseTurn = currentPlayer + 1;//Still safe to increment
        -:  439:  }
        -:  440:  else{
    #####:  441:    state->whoseTurn = 0;//Max player has been reached, loop back around to player 1
        -:  442:  }
        -:  443:
    #####:  444:  state->outpostPlayed = 0;
    #####:  445:  state->phase = 0;
    #####:  446:  state->numActions = 1;
    #####:  447:  state->coins = 0;
    #####:  448:  state->numBuys = 1;
    #####:  449:  state->playedCardCount = 0;
    #####:  450:  state->handCount[state->whoseTurn] = 0;
        -:  451:
        -:  452:  //int k; move to top
        -:  453:  //Next player draws hand
    #####:  454:  for (k = 0; k < 5; k++){
branch  0 never executed
branch  1 never executed
    #####:  455:    drawCard(state->whoseTurn, state);//Draw a card
call    0 never executed
        -:  456:  }
        -:  457:
        -:  458:  //Update money
    #####:  459:  updateCoins(state->whoseTurn, state , 0);
call    0 never executed
        -:  460:
    #####:  461:  return 0;
        -:  462:}
        -:  463:
function isGameOver called 54 returned 100% blocks executed 100%
       54:  464:int isGameOver(struct gameState *state) {
        -:  465:  int i;
        -:  466:  int j;
        -:  467:	
        -:  468:  //if stack of Province cards is empty, the game ends
       54:  469:  if (state->supplyCount[province] == 0)
branch  0 taken 11% (fallthrough)
branch  1 taken 89%
        -:  470:    {
        6:  471:      return 1;
        -:  472:    }
        -:  473:
        -:  474:  //if three supply pile are at 0, the game ends
       48:  475:  j = 0;
     1248:  476:  for (i = 0; i < 25; i++)
branch  0 taken 96%
branch  1 taken 4% (fallthrough)
        -:  477:    {
     1200:  478:      if (state->supplyCount[i] == 0)
branch  0 taken 3% (fallthrough)
branch  1 taken 97%
        -:  479:	{
       36:  480:	  j++;
        -:  481:	}
        -:  482:    }
       48:  483:  if ( j >= 3)
branch  0 taken 13% (fallthrough)
branch  1 taken 88%
        -:  484:    {
        6:  485:      return 1;
        -:  486:    }
        -:  487:
       42:  488:  return 0;
        -:  489:}
        -:  490:
function scoreFor called 0 returned 0% blocks executed 0%
    #####:  491:int scoreFor (int player, struct gameState *state) {
        -:  492:
        -:  493:  int i;
    #####:  494:  int score = 0;
        -:  495:  //score from hand
    #####:  496:  for (i = 0; i < state->handCount[player]; i++)
branch  0 never executed
branch  1 never executed
        -:  497:    {
    #####:  498:      if (state->hand[player][i] == curse) { score = score - 1; };
branch  0 never executed
branch  1 never executed
    #####:  499:      if (state->hand[player][i] == estate) { score = score + 1; };
branch  0 never executed
branch  1 never executed
    #####:  500:      if (state->hand[player][i] == duchy) { score = score + 3; };
branch  0 never executed
branch  1 never executed
    #####:  501:      if (state->hand[player][i] == province) { score = score + 6; };
branch  0 never executed
branch  1 never executed
    #####:  502:      if (state->hand[player][i] == great_hall) { score = score + 1; };
branch  0 never executed
branch  1 never executed
    #####:  503:      if (state->hand[player][i] == gardens) { score = score + ( fullDeckCount(player, 0, state) / 10 ); };
branch  0 never executed
branch  1 never executed
call    2 never executed
        -:  504:    }
        -:  505:
        -:  506:  //score from discard
    #####:  507:  for (i = 0; i < state->discardCount[player]; i++)
branch  0 never executed
branch  1 never executed
        -:  508:    {
    #####:  509:      if (state->discard[player][i] == curse) { score = score - 1; };
branch  0 never executed
branch  1 never executed
    #####:  510:      if (state->discard[player][i] == estate) { score = score + 1; };
branch  0 never executed
branch  1 never executed
    #####:  511:      if (state->discard[player][i] == duchy) { score = score + 3; };
branch  0 never executed
branch  1 never executed
    #####:  512:      if (state->discard[player][i] == province) { score = score + 6; };
branch  0 never executed
branch  1 never executed
    #####:  513:      if (state->discard[player][i] == great_hall) { score = score + 1; };
branch  0 never executed
branch  1 never executed
    #####:  514:      if (state->discard[player][i] == gardens) { score = score + ( fullDeckCount(player, 0, state) / 10 ); };
branch  0 never executed
branch  1 never executed
call    2 never executed
        -:  515:    }
        -:  516:
        -:  517:  //score from deck
    #####:  518:  for (i = 0; i < state->discardCount[player]; i++)
branch  0 never executed
branch  1 never executed
        -:  519:    {
    #####:  520:      if (state->deck[player][i] == curse) { score = score - 1; };
branch  0 never executed
branch  1 never executed
    #####:  521:      if (state->deck[player][i] == estate) { score = score + 1; };
branch  0 never executed
branch  1 never executed
    #####:  522:      if (state->deck[player][i] == duchy) { score = score + 3; };
branch  0 never executed
branch  1 never executed
    #####:  523:      if (state->deck[player][i] == province) { score = score + 6; };
branch  0 never executed
branch  1 never executed
    #####:  524:      if (state->deck[player][i] == great_hall) { score = score + 1; };
branch  0 never executed
branch  1 never executed
    #####:  525:      if (state->deck[player][i] == gardens) { score = score + ( fullDeckCount(player, 0, state) / 10 ); };
branch  0 never executed
branch  1 never executed
call    2 never executed
        -:  526:    }
        -:  527:
    #####:  528:  return score;
        -:  529:}
        -:  530:
function getWinners called 0 returned 0% blocks executed 0%
    #####:  531:int getWinners(int players[MAX_PLAYERS], struct gameState *state) {
        -:  532:  int i;	
        -:  533:  int j;
        -:  534:  int highScore;
        -:  535:  int currentPlayer;
        -:  536:
        -:  537:  //get score for each player
    #####:  538:  for (i = 0; i < MAX_PLAYERS; i++)
branch  0 never executed
branch  1 never executed
        -:  539:    {
        -:  540:      //set unused player scores to -9999
    #####:  541:      if (i >= state->numPlayers)
branch  0 never executed
branch  1 never executed
        -:  542:	{
    #####:  543:	  players[i] = -9999;
        -:  544:	}
        -:  545:      else
        -:  546:	{
    #####:  547:	  players[i] = scoreFor (i, state);
call    0 never executed
        -:  548:	}
        -:  549:    }
        -:  550:
        -:  551:  //find highest score
    #####:  552:  j = 0;
    #####:  553:  for (i = 0; i < MAX_PLAYERS; i++)
branch  0 never executed
branch  1 never executed
        -:  554:    {
    #####:  555:      if (players[i] > players[j])
branch  0 never executed
branch  1 never executed
        -:  556:	{
    #####:  557:	  j = i;
        -:  558:	}
        -:  559:    }
    #####:  560:  highScore = players[j];
        -:  561:
        -:  562:  //add 1 to players who had less turns
    #####:  563:  currentPlayer = whoseTurn(state);
call    0 never executed
    #####:  564:  for (i = 0; i < MAX_PLAYERS; i++)
branch  0 never executed
branch  1 never executed
        -:  565:    {
    #####:  566:      if ( players[i] == highScore && i > currentPlayer )
branch  0 never executed
branch  1 never executed
branch  2 never executed
branch  3 never executed
        -:  567:	{
    #####:  568:	  players[i]++;
        -:  569:	}
        -:  570:    }
        -:  571:
        -:  572:  //find new highest score
    #####:  573:  j = 0;
    #####:  574:  for (i = 0; i < MAX_PLAYERS; i++)
branch  0 never executed
branch  1 never executed
        -:  575:    {
    #####:  576:      if ( players[i] > players[j] )
branch  0 never executed
branch  1 never executed
        -:  577:	{
    #####:  578:	  j = i;
        -:  579:	}
        -:  580:    }
    #####:  581:  highScore = players[j];
        -:  582:
        -:  583:  //set winners in array to 1 and rest to 0
    #####:  584:  for (i = 0; i < MAX_PLAYERS; i++)
branch  0 never executed
branch  1 never executed
        -:  585:    {
    #####:  586:      if ( players[i] == highScore )
branch  0 never executed
branch  1 never executed
        -:  587:	{
    #####:  588:	  players[i] = 1;
        -:  589:	}
        -:  590:      else
        -:  591:	{
    #####:  592:	  players[i] = 0;
        -:  593:	}
        -:  594:    }
        -:  595:
    #####:  596:  return 0;
        -:  597:}
        -:  598:
function drawCard called 3699 returned 100% blocks executed 36%
     3699:  599:int drawCard(int player, struct gameState *state)
        -:  600:{	int count;
        -:  601:  int deckCounter;
     3699:  602:  if (state->deckCount[player] <= 0){//Deck is empty
branch  0 taken 0% (fallthrough)
branch  1 taken 100%
        -:  603:    
        -:  604:    //Step 1 Shuffle the discard pile back into a deck
        -:  605:    int i;
        -:  606:    //Move discard to deck
    #####:  607:    for (i = 0; i < state->discardCount[player];i++){
branch  0 never executed
branch  1 never executed
    #####:  608:      state->deck[player][i] = state->discard[player][i];
    #####:  609:      state->discard[player][i] = -1;
        -:  610:    }
        -:  611:
    #####:  612:    state->deckCount[player] = state->discardCount[player];
    #####:  613:    state->discardCount[player] = 0;//Reset discard
        -:  614:
        -:  615:    //Shufffle the deck
    #####:  616:    shuffle(player, state);//Shuffle the deck up and make it so that we can draw
call    0 never executed
        -:  617:   
    #####:  618:    if (DEBUG){//Debug statements
        -:  619:      printf("Deck count now: %d\n", state->deckCount[player]);
        -:  620:    }
        -:  621:    
    #####:  622:    state->discardCount[player] = 0;
        -:  623:
        -:  624:    //Step 2 Draw Card
    #####:  625:    count = state->handCount[player];//Get current player's hand count
        -:  626:    
    #####:  627:    if (DEBUG){//Debug statements
        -:  628:      printf("Current hand count: %d\n", count);
        -:  629:    }
        -:  630:    
    #####:  631:    deckCounter = state->deckCount[player];//Create a holder for the deck count
        -:  632:
    #####:  633:    if (deckCounter == 0)
branch  0 never executed
branch  1 never executed
    #####:  634:      return -1;
        -:  635:
    #####:  636:    state->hand[player][count] = state->deck[player][deckCounter - 1];//Add card to hand
    #####:  637:    state->deckCount[player]--;
    #####:  638:    state->handCount[player]++;//Increment hand count
        -:  639:  }
        -:  640:
        -:  641:  else{
     3699:  642:    int count = state->handCount[player];//Get current hand count for player
        -:  643:    int deckCounter;
     3699:  644:    if (DEBUG){//Debug statements
        -:  645:      printf("Current hand count: %d\n", count);
        -:  646:    }
        -:  647:
     3699:  648:    deckCounter = state->deckCount[player];//Create holder for the deck count
     3699:  649:    state->hand[player][count] = state->deck[player][deckCounter - 1];//Add card to the hand
     3699:  650:    state->deckCount[player]--;
     3699:  651:    state->handCount[player]++;//Increment hand count
        -:  652:  }
        -:  653:
     3699:  654:  return 0;
        -:  655:}
        -:  656:
function getCost called 0 returned 0% blocks executed 0%
    #####:  657:int getCost(int cardNumber)
        -:  658:{
    #####:  659:  switch( cardNumber ) 
branch  0 never executed
branch  1 never executed
branch  2 never executed
branch  3 never executed
branch  4 never executed
branch  5 never executed
branch  6 never executed
branch  7 never executed
branch  8 never executed
branch  9 never executed
branch 10 never executed
branch 11 never executed
branch 12 never executed
branch 13 never executed
branch 14 never executed
branch 15 never executed
branch 16 never executed
branch 17 never executed
branch 18 never executed
branch 19 never executed
branch 20 never executed
branch 21 never executed
branch 22 never executed
branch 23 never executed
branch 24 never executed
branch 25 never executed
branch 26 never executed
branch 27 never executed
        -:  660:    {
        -:  661:    case curse:
    #####:  662:      return 0;
        -:  663:    case estate:
    #####:  664:      return 2;
        -:  665:    case duchy:
    #####:  666:      return 5;
        -:  667:    case province:
    #####:  668:      return 8;
        -:  669:    case copper:
    #####:  670:      return 0;
        -:  671:    case silver:
    #####:  672:      return 3;
        -:  673:    case gold:
    #####:  674:      return 6;
        -:  675:    case adventurer:
    #####:  676:      return 6;
        -:  677:    case council_room:
    #####:  678:      return 5;
        -:  679:    case feast:
    #####:  680:      return 4;
        -:  681:    case gardens:
    #####:  682:      return 4;
        -:  683:    case mine:
    #####:  684:      return 5;
        -:  685:    case remodel:
    #####:  686:      return 4;
        -:  687:    case smithy:
    #####:  688:      return 4;
        -:  689:    case village:
    #####:  690:      return 3;
        -:  691:    case baron:
    #####:  692:      return 4;
        -:  693:    case great_hall:
    #####:  694:      return 3;
        -:  695:    case minion:
    #####:  696:      return 5;
        -:  697:    case steward:
    #####:  698:      return 3;
        -:  699:    case tribute:
    #####:  700:      return 5;
        -:  701:    case ambassador:
    #####:  702:      return 3;
        -:  703:    case cutpurse:
    #####:  704:      return 4;
        -:  705:    case embargo: 
    #####:  706:      return 2;
        -:  707:    case outpost:
    #####:  708:      return 5;
        -:  709:    case salvager:
    #####:  710:      return 4;
        -:  711:    case sea_hag:
    #####:  712:      return 4;
        -:  713:    case treasure_map:
    #####:  714:      return 4;
        -:  715:    }
        -:  716:	
    #####:  717:  return -1;
        -:  718:}
        -:  719:
function cardEffect called 396 returned 100% blocks executed 7%
      396:  720:int cardEffect(int card, int choice1, int choice2, int choice3, struct gameState *state, int handPos, int *bonus)
        -:  721:{
        -:  722:  int i;
        -:  723:  int j;
        -:  724:  int k;
        -:  725:  int x;
        -:  726:  int index;
      396:  727:  int currentPlayer = whoseTurn(state);
call    0 returned 100%
      396:  728:  int nextPlayer = currentPlayer + 1;
        -:  729:
      396:  730:  int tributeRevealedCards[2] = {-1, -1};
        -:  731:  int temphand[MAX_HAND];// moved above the if statement
      396:  732:  int drawntreasure=0;
        -:  733:  int cardDrawn;
      396:  734:  int z = 0;// this is the counter for the temp hand
      396:  735:  if (nextPlayer > (state->numPlayers - 1)){
branch  0 taken 33% (fallthrough)
branch  1 taken 67%
      132:  736:    nextPlayer = 0;
        -:  737:  }
        -:  738:  
      396:  739:  if ( card == smithy){
branch  0 taken 32% (fallthrough)
branch  1 taken 68%
        -:  740:      //+3 Cards
      126:  741:	  return (newsmithy(currentPlayer, state, handPos, i));
call    0 returned 100%
        -:  742:  }
        -:  743:  
      270:  744:   else if (card == adventurer){
branch  0 taken 33% (fallthrough)
branch  1 taken 67%
       90:  745:	  return (newAD(drawntreasure, state, currentPlayer, cardDrawn, temphand, z));
call    0 returned 100%
        -:  746:  }
        -:  747:  
      180:  748:   else if (card == village){
branch  0 taken 50% (fallthrough)
branch  1 taken 50%
       90:  749:		return(newVillage(currentPlayer, state, handPos));
call    0 returned 100%
        -:  750:	}
        -:  751:	
       90:  752:	else if (card == gardens){
branch  0 taken 0% (fallthrough)
branch  1 taken 100%
    #####:  753:		return (newGarden());
call    0 never executed
        -:  754:	}
        -:  755:	
       90:  756:	else if (card == sea_hag){
branch  0 taken 0% (fallthrough)
branch  1 taken 100%
    #####:  757:		return (newSeahag(currentPlayer, state, i));
call    0 never executed
        -:  758:	}
        -:  759:	
        -:  760:  else{
        -:  761:  //uses switch to select card and perform actions
       90:  762:  switch( card ) 
branch  0 taken 0%
branch  1 taken 0%
branch  2 taken 0%
branch  3 taken 0%
branch  4 taken 0%
branch  5 taken 100%
branch  6 taken 0%
branch  7 taken 0%
branch  8 taken 0%
branch  9 taken 0%
branch 10 taken 0%
branch 11 taken 0%
branch 12 taken 0%
branch 13 taken 0%
branch 14 taken 0%
branch 15 taken 0%
        -:  763:    {
        -:  764:
        -:  765:			
        -:  766:    case council_room:
        -:  767:      //+4 Cards
    #####:  768:      for (i = 0; i < 4; i++)
branch  0 never executed
branch  1 never executed
        -:  769:	{
    #####:  770:	  drawCard(currentPlayer, state);
call    0 never executed
        -:  771:	}
        -:  772:			
        -:  773:      //+1 Buy
    #####:  774:      state->numBuys++;
        -:  775:			
        -:  776:      //Each other player draws a card
    #####:  777:      for (i = 0; i < state->numPlayers; i++)
branch  0 never executed
branch  1 never executed
        -:  778:	{
    #####:  779:	  if ( i != currentPlayer )
branch  0 never executed
branch  1 never executed
        -:  780:	    {
    #####:  781:	      drawCard(i, state);
call    0 never executed
        -:  782:	    }
        -:  783:	}
        -:  784:			
        -:  785:      //put played card in played card pile
    #####:  786:      discardCard(handPos, currentPlayer, state, 0);
call    0 never executed
        -:  787:			
    #####:  788:      return 0;
        -:  789:			
        -:  790:    case feast:
        -:  791:      //gain card with cost up to 5
        -:  792:      //Backup hand
    #####:  793:      for (i = 0; i <= state->handCount[currentPlayer]; i++){
branch  0 never executed
branch  1 never executed
    #####:  794:	temphand[i] = state->hand[currentPlayer][i];//Backup card
    #####:  795:	state->hand[currentPlayer][i] = -1;//Set to nothing
        -:  796:      }
        -:  797:      //Backup hand
        -:  798:
        -:  799:      //Update Coins for Buy
    #####:  800:      updateCoins(currentPlayer, state, 5);
call    0 never executed
    #####:  801:      x = 1;//Condition to loop on
    #####:  802:      while( x == 1) {//Buy one card
branch  0 never executed
branch  1 never executed
    #####:  803:	if (supplyCount(choice1, state) <= 0){
call    0 never executed
branch  1 never executed
branch  2 never executed
    #####:  804:	  if (DEBUG)
        -:  805:	    printf("None of that card left, sorry!\n");
        -:  806:
    #####:  807:	  if (DEBUG){
        -:  808:	    printf("Cards Left: %d\n", supplyCount(choice1, state));
        -:  809:	  }
        -:  810:	}
    #####:  811:	else if (state->coins < getCost(choice1)){
call    0 never executed
branch  1 never executed
branch  2 never executed
    #####:  812:	  printf("That card is too expensive!\n");
call    0 never executed
        -:  813:
    #####:  814:	  if (DEBUG){
        -:  815:	    printf("Coins: %d < %d\n", state->coins, getCost(choice1));
        -:  816:	  }
        -:  817:	}
        -:  818:	else{
        -:  819:
    #####:  820:	  if (DEBUG){
        -:  821:	    printf("Deck Count: %d\n", state->handCount[currentPlayer] + state->deckCount[currentPlayer] + state->discardCount[currentPlayer]);
        -:  822:	  }
        -:  823:
    #####:  824:	  gainCard(choice1, state, 0, currentPlayer);//Gain the card
call    0 never executed
    #####:  825:	  x = 0;//No more buying cards
        -:  826:
    #####:  827:	  if (DEBUG){
        -:  828:	    printf("Deck Count: %d\n", state->handCount[currentPlayer] + state->deckCount[currentPlayer] + state->discardCount[currentPlayer]);
        -:  829:	  }
        -:  830:
        -:  831:	}
        -:  832:      }     
        -:  833:
        -:  834:      //Reset Hand
    #####:  835:      for (i = 0; i <= state->handCount[currentPlayer]; i++){
branch  0 never executed
branch  1 never executed
    #####:  836:	state->hand[currentPlayer][i] = temphand[i];
    #####:  837:	temphand[i] = -1;
        -:  838:      }
        -:  839:      //Reset Hand
        -:  840:      			
    #####:  841:      return 0;
        -:  842:			
        -:  843:    case mine:
    #####:  844:      j = state->hand[currentPlayer][choice1];  //store card we will trash
        -:  845:
    #####:  846:      if (state->hand[currentPlayer][choice1] < copper || state->hand[currentPlayer][choice1] > gold)
branch  0 never executed
branch  1 never executed
branch  2 never executed
branch  3 never executed
        -:  847:	{
    #####:  848:	  return -1;
        -:  849:	}
        -:  850:		
    #####:  851:      if (choice2 > treasure_map || choice2 < curse)
branch  0 never executed
branch  1 never executed
branch  2 never executed
branch  3 never executed
        -:  852:	{
    #####:  853:	  return -1;
        -:  854:	}
        -:  855:
    #####:  856:      if ( (getCost(state->hand[currentPlayer][choice1]) + 3) > getCost(choice2) )
call    0 never executed
call    1 never executed
branch  2 never executed
branch  3 never executed
        -:  857:	{
    #####:  858:	  return -1;
        -:  859:	}
        -:  860:
    #####:  861:      gainCard(choice2, state, 2, currentPlayer);
call    0 never executed
        -:  862:
        -:  863:      //discard card from hand
    #####:  864:      discardCard(handPos, currentPlayer, state, 0);
call    0 never executed
        -:  865:
        -:  866:      //discard trashed card
    #####:  867:      for (i = 0; i < state->handCount[currentPlayer]; i++)
branch  0 never executed
branch  1 never executed
        -:  868:	{
    #####:  869:	  if (state->hand[currentPlayer][i] == j)
branch  0 never executed
branch  1 never executed
        -:  870:	    {
    #####:  871:	      discardCard(i, currentPlayer, state, 0);			
call    0 never executed
    #####:  872:	      break;
        -:  873:	    }
        -:  874:	}
        -:  875:			
    #####:  876:      return 0;
        -:  877:			
        -:  878:    case remodel:
    #####:  879:      j = state->hand[currentPlayer][choice1];  //store card we will trash
        -:  880:
    #####:  881:      if ( (getCost(state->hand[currentPlayer][choice1]) + 2) > getCost(choice2) )
call    0 never executed
call    1 never executed
branch  2 never executed
branch  3 never executed
        -:  882:	{
    #####:  883:	  return -1;
        -:  884:	}
        -:  885:
    #####:  886:      gainCard(choice2, state, 0, currentPlayer);
call    0 never executed
        -:  887:
        -:  888:      //discard card from hand
    #####:  889:      discardCard(handPos, currentPlayer, state, 0);
call    0 never executed
        -:  890:
        -:  891:      //discard trashed card
    #####:  892:      for (i = 0; i < state->handCount[currentPlayer]; i++)
branch  0 never executed
branch  1 never executed
        -:  893:	{
    #####:  894:	  if (state->hand[currentPlayer][i] == j)
branch  0 never executed
branch  1 never executed
        -:  895:	    {
    #####:  896:	      discardCard(i, currentPlayer, state, 0);			
call    0 never executed
    #####:  897:	      break;
        -:  898:	    }
        -:  899:	}
        -:  900:
        -:  901:
    #####:  902:      return 0;
        -:  903:		
        -:  904:    case baron:
    #####:  905:      state->numBuys++;//Increase buys by 1!
    #####:  906:      if (choice1 > 0){//Boolean true or going to discard an estate
branch  0 never executed
branch  1 never executed
    #####:  907:	int p = 0;//Iterator for hand!
    #####:  908:	int card_not_discarded = 1;//Flag for discard set!
    #####:  909:	while(card_not_discarded){
branch  0 never executed
branch  1 never executed
    #####:  910:	  if (state->hand[currentPlayer][p] == estate){//Found an estate card!
branch  0 never executed
branch  1 never executed
    #####:  911:	    state->coins += 4;//Add 4 coins to the amount of coins
    #####:  912:	    state->discard[currentPlayer][state->discardCount[currentPlayer]] = state->hand[currentPlayer][p];
    #####:  913:	    state->discardCount[currentPlayer]++;
    #####:  914:	    for (;p < state->handCount[currentPlayer]; p++){
branch  0 never executed
branch  1 never executed
    #####:  915:	      state->hand[currentPlayer][p] = state->hand[currentPlayer][p+1];
        -:  916:	    }
    #####:  917:	    state->hand[currentPlayer][state->handCount[currentPlayer]] = -1;
    #####:  918:	    state->handCount[currentPlayer]--;
    #####:  919:	    card_not_discarded = 0;//Exit the loop
        -:  920:	  }
    #####:  921:	  else if (p > state->handCount[currentPlayer]){
branch  0 never executed
branch  1 never executed
    #####:  922:	    if(DEBUG) {
        -:  923:	      printf("No estate cards in your hand, invalid choice\n");
        -:  924:	      printf("Must gain an estate if there are any\n");
        -:  925:	    }
    #####:  926:	    if (supplyCount(estate, state) > 0){
call    0 never executed
branch  1 never executed
branch  2 never executed
    #####:  927:	      gainCard(estate, state, 0, currentPlayer);
call    0 never executed
    #####:  928:	      state->supplyCount[estate]--;//Decrement estates
    #####:  929:	      if (supplyCount(estate, state) == 0){
call    0 never executed
branch  1 never executed
branch  2 never executed
    #####:  930:		isGameOver(state);
call    0 never executed
        -:  931:	      }
        -:  932:	    }
    #####:  933:	    card_not_discarded = 0;//Exit the loop
        -:  934:	  }
        -:  935:			    
        -:  936:	  else{
    #####:  937:	    p++;//Next card
        -:  938:	  }
        -:  939:	}
        -:  940:      }
        -:  941:			    
        -:  942:      else{
    #####:  943:	if (supplyCount(estate, state) > 0){
call    0 never executed
branch  1 never executed
branch  2 never executed
    #####:  944:	  gainCard(estate, state, 0, currentPlayer);//Gain an estate
call    0 never executed
    #####:  945:	  state->supplyCount[estate]--;//Decrement Estates
    #####:  946:	  if (supplyCount(estate, state) == 0){
call    0 never executed
branch  1 never executed
branch  2 never executed
    #####:  947:	    isGameOver(state);
call    0 never executed
        -:  948:	  }
        -:  949:	}
        -:  950:      }
        -:  951:	    
        -:  952:      
    #####:  953:      return 0;
        -:  954:		
        -:  955:    case great_hall:
        -:  956:      //+1 Card
       90:  957:      drawCard(currentPlayer, state);
call    0 returned 100%
        -:  958:			
        -:  959:      //+1 Actions
       90:  960:      state->numActions++;
        -:  961:			
        -:  962:      //discard card from hand
       90:  963:      discardCard(handPos, currentPlayer, state, 0);
call    0 returned 100%
       90:  964:      return 0;
        -:  965:		
        -:  966:    case minion:
        -:  967:      //+1 action
    #####:  968:      state->numActions++;
        -:  969:			
        -:  970:      //discard card from hand
    #####:  971:      discardCard(handPos, currentPlayer, state, 0);
call    0 never executed
        -:  972:			
    #####:  973:      if (choice1)		//+2 coins
branch  0 never executed
branch  1 never executed
        -:  974:	{
    #####:  975:	  state->coins = state->coins + 2;
        -:  976:	}
        -:  977:			
    #####:  978:      else if (choice2)		//discard hand, redraw 4, other players with 5+ cards discard hand and draw 4
branch  0 never executed
branch  1 never executed
        -:  979:	{
        -:  980:	  //discard hand
    #####:  981:	  while(numHandCards(state) > 0)
call    0 never executed
branch  1 never executed
branch  2 never executed
        -:  982:	    {
    #####:  983:	      discardCard(handPos, currentPlayer, state, 0);
call    0 never executed
        -:  984:	    }
        -:  985:				
        -:  986:	  //draw 4
    #####:  987:	  for (i = 0; i < 4; i++)
branch  0 never executed
branch  1 never executed
        -:  988:	    {
    #####:  989:	      drawCard(currentPlayer, state);
call    0 never executed
        -:  990:	    }
        -:  991:				
        -:  992:	  //other players discard hand and redraw if hand size > 4
    #####:  993:	  for (i = 0; i < state->numPlayers; i++)
branch  0 never executed
branch  1 never executed
        -:  994:	    {
    #####:  995:	      if (i != currentPlayer)
branch  0 never executed
branch  1 never executed
        -:  996:		{
    #####:  997:		  if ( state->handCount[i] > 4 )
branch  0 never executed
branch  1 never executed
        -:  998:		    {
        -:  999:		      //discard hand
    #####: 1000:		      while( state->handCount[i] > 0 )
branch  0 never executed
branch  1 never executed
        -: 1001:			{
    #####: 1002:			  discardCard(handPos, i, state, 0);
call    0 never executed
        -: 1003:			}
        -: 1004:							
        -: 1005:		      //draw 4
    #####: 1006:		      for (j = 0; j < 4; j++)
branch  0 never executed
branch  1 never executed
        -: 1007:			{
    #####: 1008:			  drawCard(i, state);
call    0 never executed
        -: 1009:			}
        -: 1010:		    }
        -: 1011:		}
        -: 1012:	    }
        -: 1013:				
        -: 1014:	}
    #####: 1015:      return 0;
        -: 1016:		
        -: 1017:    case steward:
    #####: 1018:      if (choice1 == 1)
branch  0 never executed
branch  1 never executed
        -: 1019:	{
        -: 1020:	  //+2 cards
    #####: 1021:	  drawCard(currentPlayer, state);
call    0 never executed
    #####: 1022:	  drawCard(currentPlayer, state);
call    0 never executed
        -: 1023:	}
    #####: 1024:      else if (choice1 == 2)
branch  0 never executed
branch  1 never executed
        -: 1025:	{
        -: 1026:	  //+2 coins
    #####: 1027:	  state->coins = state->coins + 2;
        -: 1028:	}
        -: 1029:      else
        -: 1030:	{
        -: 1031:	  //trash 2 cards in hand
    #####: 1032:	  discardCard(choice2, currentPlayer, state, 1);
call    0 never executed
    #####: 1033:	  discardCard(choice3, currentPlayer, state, 1);
call    0 never executed
        -: 1034:	}
        -: 1035:			
        -: 1036:      //discard card from hand
    #####: 1037:      discardCard(handPos, currentPlayer, state, 0);
call    0 never executed
    #####: 1038:      return 0;
        -: 1039:		
        -: 1040:    case tribute:
    #####: 1041:      if ((state->discardCount[nextPlayer] + state->deckCount[nextPlayer]) <= 1){
branch  0 never executed
branch  1 never executed
    #####: 1042:	if (state->deckCount[nextPlayer] > 0){
branch  0 never executed
branch  1 never executed
    #####: 1043:	  tributeRevealedCards[0] = state->deck[nextPlayer][state->deckCount[nextPlayer]-1];
    #####: 1044:	  state->deckCount[nextPlayer]--;
        -: 1045:	}
    #####: 1046:	else if (state->discardCount[nextPlayer] > 0){
branch  0 never executed
branch  1 never executed
    #####: 1047:	  tributeRevealedCards[0] = state->discard[nextPlayer][state->discardCount[nextPlayer]-1];
    #####: 1048:	  state->discardCount[nextPlayer]--;
        -: 1049:	}
        -: 1050:	else{
        -: 1051:	  //No Card to Reveal
    #####: 1052:	  if (DEBUG){
        -: 1053:	    printf("No cards to reveal\n");
        -: 1054:	  }
        -: 1055:	}
        -: 1056:      }
        -: 1057:	    
        -: 1058:      else{
    #####: 1059:	if (state->deckCount[nextPlayer] == 0){
branch  0 never executed
branch  1 never executed
    #####: 1060:	  for (i = 0; i < state->discardCount[nextPlayer]; i++){
branch  0 never executed
branch  1 never executed
    #####: 1061:	    state->deck[nextPlayer][i] = state->discard[nextPlayer][i];//Move to deck
    #####: 1062:	    state->deckCount[nextPlayer]++;
    #####: 1063:	    state->discard[nextPlayer][i] = -1;
    #####: 1064:	    state->discardCount[nextPlayer]--;
        -: 1065:	  }
        -: 1066:			    
    #####: 1067:	  shuffle(nextPlayer,state);//Shuffle the deck
call    0 never executed
        -: 1068:	} 
    #####: 1069:	tributeRevealedCards[0] = state->deck[nextPlayer][state->deckCount[nextPlayer]-1];
    #####: 1070:	state->deck[nextPlayer][state->deckCount[nextPlayer]--] = -1;
    #####: 1071:	state->deckCount[nextPlayer]--;
    #####: 1072:	tributeRevealedCards[1] = state->deck[nextPlayer][state->deckCount[nextPlayer]-1];
    #####: 1073:	state->deck[nextPlayer][state->deckCount[nextPlayer]--] = -1;
    #####: 1074:	state->deckCount[nextPlayer]--;
        -: 1075:      }    
        -: 1076:		       
    #####: 1077:      if (tributeRevealedCards[0] == tributeRevealedCards[1]){//If we have a duplicate card, just drop one 
branch  0 never executed
branch  1 never executed
    #####: 1078:	state->playedCards[state->playedCardCount] = tributeRevealedCards[1];
    #####: 1079:	state->playedCardCount++;
    #####: 1080:	tributeRevealedCards[1] = -1;
        -: 1081:      }
        -: 1082:
    #####: 1083:      for (i = 0; i <= 2; i ++){
branch  0 never executed
branch  1 never executed
    #####: 1084:	if (tributeRevealedCards[i] == copper || tributeRevealedCards[i] == silver || tributeRevealedCards[i] == gold){//Treasure cards
branch  0 never executed
branch  1 never executed
branch  2 never executed
branch  3 never executed
branch  4 never executed
branch  5 never executed
    #####: 1085:	  state->coins += 2;
        -: 1086:	}
        -: 1087:		    
    #####: 1088:	else if (tributeRevealedCards[i] == estate || tributeRevealedCards[i] == duchy || tributeRevealedCards[i] == province || tributeRevealedCards[i] == gardens || tributeRevealedCards[i] == great_hall){//Victory Card Found
branch  0 never executed
branch  1 never executed
branch  2 never executed
branch  3 never executed
branch  4 never executed
branch  5 never executed
branch  6 never executed
branch  7 never executed
branch  8 never executed
branch  9 never executed
    #####: 1089:	  drawCard(currentPlayer, state);
call    0 never executed
    #####: 1090:	  drawCard(currentPlayer, state);
call    0 never executed
        -: 1091:	}
        -: 1092:	else{//Action Card
    #####: 1093:	  state->numActions = state->numActions + 2;
        -: 1094:	}
        -: 1095:      }
        -: 1096:	    
    #####: 1097:      return 0;
        -: 1098:		
        -: 1099:    case ambassador:
    #####: 1100:      j = 0;		//used to check if player has enough cards to discard
        -: 1101:
    #####: 1102:      if (choice2 > 2 || choice2 < 0)
branch  0 never executed
branch  1 never executed
branch  2 never executed
branch  3 never executed
        -: 1103:	{
    #####: 1104:	  return -1;				
        -: 1105:	}
        -: 1106:
    #####: 1107:      if (choice1 == handPos)
branch  0 never executed
branch  1 never executed
        -: 1108:	{
    #####: 1109:	  return -1;
        -: 1110:	}
        -: 1111:
    #####: 1112:      for (i = 0; i < state->handCount[currentPlayer]; i++)
branch  0 never executed
branch  1 never executed
        -: 1113:	{
    #####: 1114:	  if (i != handPos && i == state->hand[currentPlayer][choice1] && i != choice1)
branch  0 never executed
branch  1 never executed
branch  2 never executed
branch  3 never executed
branch  4 never executed
branch  5 never executed
        -: 1115:	    {
    #####: 1116:	      j++;
        -: 1117:	    }
        -: 1118:	}
    #####: 1119:      if (j < choice2)
branch  0 never executed
branch  1 never executed
        -: 1120:	{
    #####: 1121:	  return -1;				
        -: 1122:	}
        -: 1123:
    #####: 1124:      if (DEBUG) 
        -: 1125:	printf("Player %d reveals card number: %d\n", currentPlayer, state->hand[currentPlayer][choice1]);
        -: 1126:
        -: 1127:      //increase supply count for choosen card by amount being discarded
    #####: 1128:      state->supplyCount[state->hand[currentPlayer][choice1]] += choice2;
        -: 1129:			
        -: 1130:      //each other player gains a copy of revealed card
    #####: 1131:      for (i = 0; i < state->numPlayers; i++)
branch  0 never executed
branch  1 never executed
        -: 1132:	{
    #####: 1133:	  if (i != currentPlayer)
branch  0 never executed
branch  1 never executed
        -: 1134:	    {
    #####: 1135:	      gainCard(state->hand[currentPlayer][choice1], state, 0, i);
call    0 never executed
        -: 1136:	    }
        -: 1137:	}
        -: 1138:
        -: 1139:      //discard played card from hand
    #####: 1140:      discardCard(handPos, currentPlayer, state, 0);			
call    0 never executed
        -: 1141:
        -: 1142:      //trash copies of cards returned to supply
    #####: 1143:      for (j = 0; j < choice2; j++)
branch  0 never executed
branch  1 never executed
        -: 1144:	{
    #####: 1145:	  for (i = 0; i < state->handCount[currentPlayer]; i++)
branch  0 never executed
branch  1 never executed
        -: 1146:	    {
    #####: 1147:	      if (state->hand[currentPlayer][i] == state->hand[currentPlayer][choice1])
branch  0 never executed
branch  1 never executed
        -: 1148:		{
    #####: 1149:		  discardCard(i, currentPlayer, state, 1);
call    0 never executed
    #####: 1150:		  break;
        -: 1151:		}
        -: 1152:	    }
        -: 1153:	}			
        -: 1154:
    #####: 1155:      return 0;
        -: 1156:		
        -: 1157:    case cutpurse:
        -: 1158:
    #####: 1159:      updateCoins(currentPlayer, state, 2);
call    0 never executed
    #####: 1160:      for (i = 0; i < state->numPlayers; i++)
branch  0 never executed
branch  1 never executed
        -: 1161:	{
    #####: 1162:	  if (i != currentPlayer)
branch  0 never executed
branch  1 never executed
        -: 1163:	    {
    #####: 1164:	      for (j = 0; j < state->handCount[i]; j++)
branch  0 never executed
branch  1 never executed
        -: 1165:		{
    #####: 1166:		  if (state->hand[i][j] == copper)
branch  0 never executed
branch  1 never executed
        -: 1167:		    {
    #####: 1168:		      discardCard(j, i, state, 0);
call    0 never executed
    #####: 1169:		      break;
        -: 1170:		    }
    #####: 1171:		  if (j == state->handCount[i])
branch  0 never executed
branch  1 never executed
        -: 1172:		    {
    #####: 1173:		      for (k = 0; k < state->handCount[i]; k++)
branch  0 never executed
branch  1 never executed
        -: 1174:			{
    #####: 1175:			  if (DEBUG)
        -: 1176:			    printf("Player %d reveals card number %d\n", i, state->hand[i][k]);
        -: 1177:			}	
    #####: 1178:		      break;
        -: 1179:		    }		
        -: 1180:		}
        -: 1181:					
        -: 1182:	    }
        -: 1183:				
        -: 1184:	}				
        -: 1185:
        -: 1186:      //discard played card from hand
    #####: 1187:      discardCard(handPos, currentPlayer, state, 0);			
call    0 never executed
        -: 1188:
    #####: 1189:      return 0;
        -: 1190:
        -: 1191:		
        -: 1192:    case embargo: 
        -: 1193:      //+2 Coins
    #####: 1194:      state->coins = state->coins + 2;
        -: 1195:			
        -: 1196:      //see if selected pile is in play
    #####: 1197:      if ( state->supplyCount[choice1] == -1 )
branch  0 never executed
branch  1 never executed
        -: 1198:	{
    #####: 1199:	  return -1;
        -: 1200:	}
        -: 1201:			
        -: 1202:      //add embargo token to selected supply pile
    #####: 1203:      state->embargoTokens[choice1]++;
        -: 1204:			
        -: 1205:      //trash card
    #####: 1206:      discardCard(handPos, currentPlayer, state, 1);		
call    0 never executed
    #####: 1207:      return 0;
        -: 1208:		
        -: 1209:    case outpost:
        -: 1210:      //set outpost flag
    #####: 1211:      state->outpostPlayed++;
        -: 1212:			
        -: 1213:      //discard card
    #####: 1214:      discardCard(handPos, currentPlayer, state, 0);
call    0 never executed
    #####: 1215:      return 0;
        -: 1216:		
        -: 1217:    case salvager:
        -: 1218:      //+1 buy
    #####: 1219:      state->numBuys++;
        -: 1220:			
    #####: 1221:      if (choice1)
branch  0 never executed
branch  1 never executed
        -: 1222:	{
        -: 1223:	  //gain coins equal to trashed card
    #####: 1224:	  state->coins = state->coins + getCost( handCard(choice1, state) );
call    0 never executed
call    1 never executed
        -: 1225:	  //trash card
    #####: 1226:	  discardCard(choice1, currentPlayer, state, 1);	
call    0 never executed
        -: 1227:	}
        -: 1228:			
        -: 1229:      //discard card
    #####: 1230:      discardCard(handPos, currentPlayer, state, 0);
call    0 never executed
    #####: 1231:      return 0;
        -: 1232:	
        -: 1233:		
        -: 1234:    case treasure_map:
        -: 1235:      //search hand for another treasure_map
    #####: 1236:      index = -1;
    #####: 1237:      for (i = 0; i < state->handCount[currentPlayer]; i++)
branch  0 never executed
branch  1 never executed
        -: 1238:	{
    #####: 1239:	  if (state->hand[currentPlayer][i] == treasure_map && i != handPos)
branch  0 never executed
branch  1 never executed
branch  2 never executed
branch  3 never executed
        -: 1240:	    {
    #####: 1241:	      index = i;
    #####: 1242:	      break;
        -: 1243:	    }
        -: 1244:	}
    #####: 1245:      if (index > -1)
branch  0 never executed
branch  1 never executed
        -: 1246:	{
        -: 1247:	  //trash both treasure cards
    #####: 1248:	  discardCard(handPos, currentPlayer, state, 1);
call    0 never executed
    #####: 1249:	  discardCard(index, currentPlayer, state, 1);
call    0 never executed
        -: 1250:
        -: 1251:	  //gain 4 Gold cards
    #####: 1252:	  for (i = 0; i < 4; i++)
branch  0 never executed
branch  1 never executed
        -: 1253:	    {
    #####: 1254:	      gainCard(gold, state, 1, currentPlayer);
call    0 never executed
        -: 1255:	    }
        -: 1256:				
        -: 1257:	  //return success
    #####: 1258:	  return 1;
        -: 1259:	}
        -: 1260:			
        -: 1261:      //no second treasure_map found in hand
    #####: 1262:      return -1;
        -: 1263:    }
        -: 1264:}	
    #####: 1265:  return -1;
        -: 1266:}
        -: 1267:
function discardCard called 336 returned 100% blocks executed 88%
      336: 1268:int discardCard(int handPos, int currentPlayer, struct gameState *state, int trashFlag)
        -: 1269:{
        -: 1270:	
        -: 1271:  //if card is not trashed, added to Played pile 
      336: 1272:  if (trashFlag < 1)
branch  0 taken 96% (fallthrough)
branch  1 taken 4%
        -: 1273:    {
        -: 1274:      //add card to played pile
      321: 1275:      state->playedCards[state->playedCardCount] = state->hand[currentPlayer][handPos]; 
      321: 1276:      state->playedCardCount++;
        -: 1277:    }
        -: 1278:	
        -: 1279:  //set played card to -1
      336: 1280:  state->hand[currentPlayer][handPos] = -1;
        -: 1281:	
        -: 1282:  //remove card from player's hand
      336: 1283:  if ( handPos == (state->handCount[currentPlayer] - 1) ) 	//last card in hand array is played
branch  0 taken 63% (fallthrough)
branch  1 taken 38%
        -: 1284:    {
        -: 1285:      //reduce number of cards in hand
      210: 1286:      state->handCount[currentPlayer]--;
        -: 1287:    }
      126: 1288:  else if ( state->handCount[currentPlayer] == 1 ) //only one card in hand
branch  0 taken 0% (fallthrough)
branch  1 taken 100%
        -: 1289:    {
        -: 1290:      //reduce number of cards in hand
    #####: 1291:      state->handCount[currentPlayer]--;
        -: 1292:    }
        -: 1293:  else 	
        -: 1294:    {
        -: 1295:      //replace discarded card with last card in hand
      126: 1296:      state->hand[currentPlayer][handPos] = state->hand[currentPlayer][ (state->handCount[currentPlayer] - 1)];
        -: 1297:      //set last card to -1
      126: 1298:      state->hand[currentPlayer][state->handCount[currentPlayer] - 1] = -1;
        -: 1299:      //reduce number of cards in hand
      126: 1300:      state->handCount[currentPlayer]--;
        -: 1301:    }
        -: 1302:	
      336: 1303:  return 0;
        -: 1304:}
        -: 1305:
function gainCard called 90 returned 100% blocks executed 100%
       90: 1306:int gainCard(int supplyPos, struct gameState *state, int toFlag, int player)
        -: 1307:{
        -: 1308:  //Note: supplyPos is enum of choosen card
        -: 1309:	
        -: 1310:  //check if supply pile is empty (0) or card is not used in game (-1)
       90: 1311:  if ( supplyCount(supplyPos, state) < 1 )
call    0 returned 100%
branch  1 taken 50% (fallthrough)
branch  2 taken 50%
        -: 1312:    {
       45: 1313:      return -1;
        -: 1314:    }
        -: 1315:	
        -: 1316:  //added card for [whoseTurn] current player:
        -: 1317:  // toFlag = 0 : add to discard
        -: 1318:  // toFlag = 1 : add to deck
        -: 1319:  // toFlag = 2 : add to hand
        -: 1320:
       45: 1321:  if (toFlag == 1)
branch  0 taken 33% (fallthrough)
branch  1 taken 67%
        -: 1322:    {
       15: 1323:      state->deck[ player ][ state->deckCount[player] ] = supplyPos;
       15: 1324:      state->deckCount[player]++;
        -: 1325:    }
       30: 1326:  else if (toFlag == 2)
branch  0 taken 50% (fallthrough)
branch  1 taken 50%
        -: 1327:    {
       15: 1328:      state->hand[ player ][ state->handCount[player] ] = supplyPos;
       15: 1329:      state->handCount[player]++;
        -: 1330:    }
        -: 1331:  else
        -: 1332:    {
       15: 1333:      state->discard[player][ state->discardCount[player] ] = supplyPos;
       15: 1334:      state->discardCount[player]++;
        -: 1335:    }
        -: 1336:	
        -: 1337:  //decrease number in supply pile
       45: 1338:  state->supplyCount[supplyPos]--;
        -: 1339:	 
       45: 1340:  return 0;
        -: 1341:}
        -: 1342:
function updateCoins called 549 returned 100% blocks executed 80%
      549: 1343:int updateCoins(int player, struct gameState *state, int bonus)
        -: 1344:{
        -: 1345:  int i;
        -: 1346:	
        -: 1347:  //reset coin count
      549: 1348:  state->coins = 0;
        -: 1349:
        -: 1350:  //add coins for each Treasure card in player's hand
     3294: 1351:  for (i = 0; i < state->handCount[player]; i++)
branch  0 taken 83%
branch  1 taken 17% (fallthrough)
        -: 1352:    {
     2745: 1353:      if (state->hand[player][i] == copper)
branch  0 taken 80% (fallthrough)
branch  1 taken 20%
        -: 1354:	{
     2196: 1355:	  state->coins += 1;
        -: 1356:	}
      549: 1357:      else if (state->hand[player][i] == silver)
branch  0 taken 0% (fallthrough)
branch  1 taken 100%
        -: 1358:	{
    #####: 1359:	  state->coins += 2;
        -: 1360:	}
      549: 1361:      else if (state->hand[player][i] == gold)
branch  0 taken 0% (fallthrough)
branch  1 taken 100%
        -: 1362:	{
    #####: 1363:	  state->coins += 3;
        -: 1364:	}	
        -: 1365:    }	
        -: 1366:
        -: 1367:  //add bonus
      549: 1368:  state->coins += bonus;
        -: 1369:  
        -: 1370:  
      549: 1371:  return 0;
        -: 1372:}
        -: 1373:
        -: 1374:
        -: 1375://end of dominion.c
        -: 1376:
